c:\users\user\source\repos\5주차\5주차\x64\debug\vc143.pdb
c:\users\user\source\repos\5주차\5주차\x64\debug\vc143.idb
c:\users\user\source\repos\5주차\5주차\x64\debug\5주차과제.obj
c:\users\user\source\repos\5주차\x64\debug\5주차.pdb
c:\users\user\source\repos\5주차\5주차\x64\debug\5주차.tlog\cl.command.1.tlog
c:\users\user\source\repos\5주차\5주차\x64\debug\5주차.tlog\cl.items.tlog
c:\users\user\source\repos\5주차\5주차\x64\debug\5주차.tlog\cl.read.1.tlog
c:\users\user\source\repos\5주차\5주차\x64\debug\5주차.tlog\cl.write.1.tlog
c:\users\user\source\repos\5주차\5주차\x64\debug\5주차.tlog\link-cvtres.read.1.tlog
c:\users\user\source\repos\5주차\5주차\x64\debug\5주차.tlog\link-cvtres.write.1.tlog
c:\users\user\source\repos\5주차\5주차\x64\debug\5주차.tlog\link-rc.read.1.tlog
c:\users\user\source\repos\5주차\5주차\x64\debug\5주차.tlog\link-rc.write.1.tlog
c:\users\user\source\repos\5주차\5주차\x64\debug\5주차.tlog\link.10244-cvtres.read.1.tlog
c:\users\user\source\repos\5주차\5주차\x64\debug\5주차.tlog\link.10244-cvtres.write.1.tlog
c:\users\user\source\repos\5주차\5주차\x64\debug\5주차.tlog\link.10244-rc.read.1.tlog
c:\users\user\source\repos\5주차\5주차\x64\debug\5주차.tlog\link.10244-rc.write.1.tlog
c:\users\user\source\repos\5주차\5주차\x64\debug\5주차.tlog\link.10244.read.1.tlog
c:\users\user\source\repos\5주차\5주차\x64\debug\5주차.tlog\link.10244.read.2.tlog
c:\users\user\source\repos\5주차\5주차\x64\debug\5주차.tlog\link.10244.write.1.tlog
c:\users\user\source\repos\5주차\5주차\x64\debug\5주차.tlog\link.command.1.tlog
c:\users\user\source\repos\5주차\5주차\x64\debug\5주차.tlog\link.read.1.tlog
c:\users\user\source\repos\5주차\5주차\x64\debug\5주차.tlog\link.read.2.tlog
c:\users\user\source\repos\5주차\5주차\x64\debug\5주차.tlog\link.write.1.tlog
